# JRE version: OpenJDK Runtime Environment Temurin-17.0.6+10 (17.0.6+10) (build 17.0.6+10)
# Java VM: OpenJDK 64-Bit Server VM Temurin-17.0.6+10 (17.0.6+10, mixed mode, emulated-client, tiered, compressed oops, compressed class ptrs, g1 gc, windows-amd64)
GC Precious Log:
 CPUs: 8 total, 8 available
 Memory: 8001M
 Large Page Support: Disabled
 NUMA Support: Disabled
 Compressed Oops: Enabled (32-bit)
 Heap Region Size: 1M
 Heap Min Capacity: 8M
 Heap Initial Capacity: 126M
 Heap Max Capacity: 2002M
 Pre-touch: Disabled
 Parallel Workers: 8
 Concurrent Workers: 2
 Concurrent Refinement Workers: 8
 Periodic GC: Disabled
Heap:
 garbage-first heap   total 60416K, used 23883K [0x0000000082e00000, 0x0000000100000000)
  region size 1024K, 3 young (3072K), 3 survivors (3072K)
 Metaspace       used 44936K, committed 45312K, reserved 1089536K
  class space    used 5529K, committed 5696K, reserved 1048576K
GC Heap History (20 events):
Event: 1.600 GC heap after
{Heap after GC invocations=3 (full 0):
 garbage-first heap   total 129024K, used 8134K [0x0000000082e00000, 0x0000000100000000)
  region size 1024K, 2 young (2048K), 2 survivors (2048K)
 Metaspace       used 21237K, committed 21504K, reserved 1073152K
  class space    used 2437K, committed 2560K, reserved 1048576K
}
Event: 1.728 GC heap before
{Heap before GC invocations=4 (full 0):
 garbage-first heap   total 34816K, used 24518K [0x0000000082e00000, 0x0000000100000000)
  region size 1024K, 20 young (20480K), 2 survivors (2048K)
 Metaspace       used 25516K, committed 25792K, reserved 1073152K
  class space    used 2951K, committed 3072K, reserved 1048576K
}
Event: 1.731 GC heap after
{Heap after GC invocations=5 (full 0):
 garbage-first heap   total 34816K, used 9363K [0x0000000082e00000, 0x0000000100000000)
  region size 1024K, 3 young (3072K), 3 survivors (3072K)
 Metaspace       used 25516K, committed 25792K, reserved 1073152K
  class space    used 2951K, committed 3072K, reserved 1048576K
}
Event: 1.740 GC heap before
{Heap before GC invocations=5 (full 0):
 garbage-first heap   total 34816K, used 10387K [0x0000000082e00000, 0x0000000100000000)
  region size 1024K, 4 young (4096K), 3 survivors (3072K)
 Metaspace       used 25740K, committed 26048K, reserved 1073152K
  class space    used 2986K, committed 3136K, reserved 1048576K
}
Event: 1.743 GC heap after
{Heap after GC invocations=6 (full 0):
 garbage-first heap   total 34816K, used 9674K [0x0000000082e00000, 0x0000000100000000)
  region size 1024K, 1 young (1024K), 1 survivors (1024K)
 Metaspace       used 25740K, committed 26048K, reserved 1073152K
  class space    used 2986K, committed 3136K, reserved 1048576K
}
Event: 1.968 GC heap before
{Heap before GC invocations=6 (full 0):
 garbage-first heap   total 34816K, used 24010K [0x0000000082e00000, 0x0000000100000000)
  region size 1024K, 16 young (16384K), 1 survivors (1024K)
 Metaspace       used 28445K, committed 28736K, reserved 1081344K
  class space    used 3368K, committed 3520K, reserved 1048576K
}
Event: 1.971 GC heap after
{Heap after GC invocations=7 (full 0):
 garbage-first heap   total 34816K, used 10933K [0x0000000082e00000, 0x0000000100000000)
  region size 1024K, 2 young (2048K), 2 survivors (2048K)
 Metaspace       used 28445K, committed 28736K, reserved 1081344K
  class space    used 3368K, committed 3520K, reserved 1048576K
}
Event: 2.162 GC heap before
{Heap before GC invocations=7 (full 0):
 garbage-first heap   total 34816K, used 25269K [0x0000000082e00000, 0x0000000100000000)
  region size 1024K, 16 young (16384K), 2 survivors (2048K)
 Metaspace       used 29319K, committed 29632K, reserved 1081344K
  class space    used 3498K, committed 3648K, reserved 1048576K
}
Event: 2.164 GC heap after
{Heap after GC invocations=8 (full 0):
 garbage-first heap   total 60416K, used 12080K [0x0000000082e00000, 0x0000000100000000)
  region size 1024K, 2 young (2048K), 2 survivors (2048K)
 Metaspace       used 29319K, committed 29632K, reserved 1081344K
  class space    used 3498K, committed 3648K, reserved 1048576K
}
Event: 2.661 GC heap before
{Heap before GC invocations=8 (full 0):
 garbage-first heap   total 60416K, used 40752K [0x0000000082e00000, 0x0000000100000000)
  region size 1024K, 31 young (31744K), 2 survivors (2048K)
 Metaspace       used 33231K, committed 33536K, reserved 1081344K
  class space    used 4068K, committed 4224K, reserved 1048576K
}
Event: 2.664 GC heap after
{Heap after GC invocations=9 (full 0):
 garbage-first heap   total 60416K, used 14296K [0x0000000082e00000, 0x0000000100000000)
  region size 1024K, 4 young (4096K), 4 survivors (4096K)
 Metaspace       used 33231K, committed 33536K, reserved 1081344K
  class space    used 4068K, committed 4224K, reserved 1048576K
}
Event: 3.022 GC heap before
{Heap before GC invocations=9 (full 0):
 garbage-first heap   total 60416K, used 30680K [0x0000000082e00000, 0x0000000100000000)
  region size 1024K, 21 young (21504K), 4 survivors (4096K)
 Metaspace       used 35848K, committed 36160K, reserved 1081344K
  class space    used 4408K, committed 4544K, reserved 1048576K
}
Event: 3.026 GC heap after
{Heap after GC invocations=10 (full 0):
 garbage-first heap   total 60416K, used 16279K [0x0000000082e00000, 0x0000000100000000)
  region size 1024K, 5 young (5120K), 5 survivors (5120K)
 Metaspace       used 35848K, committed 36160K, reserved 1081344K
  class space    used 4408K, committed 4544K, reserved 1048576K
}
Event: 3.350 GC heap before
{Heap before GC invocations=11 (full 0):
 garbage-first heap   total 60416K, used 42903K [0x0000000082e00000, 0x0000000100000000)
  region size 1024K, 32 young (32768K), 5 survivors (5120K)
 Metaspace       used 38595K, committed 38912K, reserved 1089536K
  class space    used 4734K, committed 4864K, reserved 1048576K
}
Event: 3.355 GC heap after
{Heap after GC invocations=12 (full 0):
 garbage-first heap   total 60416K, used 19067K [0x0000000082e00000, 0x0000000100000000)
  region size 1024K, 4 young (4096K), 4 survivors (4096K)
 Metaspace       used 38595K, committed 38912K, reserved 1089536K
  class space    used 4734K, committed 4864K, reserved 1048576K
}
Event: 3.357 GC heap before
{Heap before GC invocations=12 (full 0):
 garbage-first heap   total 60416K, used 20091K [0x0000000082e00000, 0x0000000100000000)
  region size 1024K, 5 young (5120K), 4 survivors (4096K)
 Metaspace       used 38596K, committed 38912K, reserved 1089536K
  class space    used 4734K, committed 4864K, reserved 1048576K
}
Event: 3.361 GC heap after
{Heap after GC invocations=13 (full 0):
 garbage-first heap   total 60416K, used 19738K [0x0000000082e00000, 0x0000000100000000)
  region size 1024K, 1 young (1024K), 1 survivors (1024K)
 Metaspace       used 38596K, committed 38912K, reserved 1089536K
  class space    used 4734K, committed 4864K, reserved 1048576K
}
Event: 3.662 GC heap before
{Heap before GC invocations=13 (full 0):
 garbage-first heap   total 60416K, used 44314K [0x0000000082e00000, 0x0000000100000000)
  region size 1024K, 25 young (25600K), 1 survivors (1024K)
 Metaspace       used 41330K, committed 41664K, reserved 1089536K
  class space    used 5128K, committed 5248K, reserved 1048576K
}
Event: 3.665 GC heap after
{Heap after GC invocations=14 (full 0):
 garbage-first heap   total 60416K, used 21858K [0x0000000082e00000, 0x0000000100000000)
  region size 1024K, 3 young (3072K), 3 survivors (3072K)
 Metaspace       used 41330K, committed 41664K, reserved 1089536K
  class space    used 5128K, committed 5248K, reserved 1048576K
}
Event: 9.290 GC heap before
{Heap before GC invocations=14 (full 0):
 garbage-first heap   total 60416K, used 47458K [0x0000000082e00000, 0x0000000100000000)
  region size 1024K, 26 young (26624K), 3 survivors (3072K)
 Metaspace       used 44936K, committed 45312K, reserved 1089536K
  class space    used 5529K, committed 5696K, reserved 1048576K
}

